Numerosity T2D dataset LiLi: 2472

Numerosity T2D dataset CONVAE model: 1050

Group LiLi g1: 761

Class convae 0: 574
Group LiLi g1 -- Class convae 0: 245
Class convae 1: 313
Group LiLi g1 -- Class convae 1: 75
Class convae 2: 163
Group LiLi g1 -- Class convae 2: 3


Group LiLi g2: 615

Class convae 0: 574
Group LiLi g2 -- Class convae 0: 111
Class convae 1: 313
Group LiLi g2 -- Class convae 1: 77
Class convae 2: 163
Group LiLi g2 -- Class convae 2: 56


Group LiLi g3: 1096

Class convae 0: 574
Group LiLi g3 -- Class convae 0: 218
Class convae 1: 313
Group LiLi g3 -- Class convae 1: 161
Class convae 2: 163
Group LiLi g3 -- Class convae 2: 104


Fowlkes - Mallows Score: 0.402
