Numerosity T2D dataset LiLi: 2472

Numerosity T2D dataset CONVAE model: 1050

Group LiLi g1: 761

Class convae 0: 608
Group LiLi g1 -- Class convae 0: 258
Class convae 1: 157
Group LiLi g1 -- Class convae 1: 3
Class convae 2: 285
Group LiLi g1 -- Class convae 2: 62


Group LiLi g2: 615

Class convae 0: 608
Group LiLi g2 -- Class convae 0: 113
Class convae 1: 157
Group LiLi g2 -- Class convae 1: 65
Class convae 2: 285
Group LiLi g2 -- Class convae 2: 66


Group LiLi g3: 1096

Class convae 0: 608
Group LiLi g3 -- Class convae 0: 237
Class convae 1: 157
Group LiLi g3 -- Class convae 1: 89
Class convae 2: 285
Group LiLi g3 -- Class convae 2: 157


Fowlkes - Mallows Score: 0.414
